<?xml version="1.0" encoding="UTF-8"?>
<!-- Generated by org.testng.reporters.JUnitReportReporter -->
<testsuite hostname="DESKTOP-79T6L8U" failures="0" tests="5" name="com.example.testcase.RequestMethodTest2" time="9.972" errors="0" timestamp="2024-07-24T16:31:33 CST" skipped="0">
  <testcase classname="com.example.testcase.RequestMethodTest2" name="deleteTest" time="1.651"/>
  <system-out/>
  <testcase classname="com.example.testcase.RequestMethodTest2" name="postByFormTest" time="0.858"/>
  <system-out/>
  <testcase classname="com.example.testcase.RequestMethodTest2" name="insertUserTest" time="0.901"/>
  <system-out/>
  <testcase classname="com.example.testcase.RequestMethodTest2" name="putTest" time="6.043"/>
  <system-out/>
  <testcase classname="com.example.testcase.RequestMethodTest2" name="getUserListTest" time="0.519"/>
  <system-out/>
</testsuite> <!-- com.example.testcase.RequestMethodTest2 -->
