<?xml version="1.0" encoding="UTF-8"?>
<!-- Generated by org.testng.reporters.JUnitReportReporter -->
<testsuite hostname="DESKTOP-79T6L8U" failures="0" tests="5" name="com.example.testcase.RequestMethodTest" time="7.014" errors="0" timestamp="2024-07-24T00:13:47 CST" skipped="0">
  <testcase classname="com.example.testcase.RequestMethodTest" name="insertUserTest" time="1.303"/>
  <system-out/>
  <testcase classname="com.example.testcase.RequestMethodTest" name="getUserListTest" time="2.125"/>
  <system-out/>
  <testcase classname="com.example.testcase.RequestMethodTest" name="postByFormTest" time="1.196"/>
  <system-out/>
  <testcase classname="com.example.testcase.RequestMethodTest" name="putTest" time="1.086"/>
  <system-out/>
  <testcase classname="com.example.testcase.RequestMethodTest" name="deleteTest" time="1.304"/>
  <system-out/>
</testsuite> <!-- com.example.testcase.RequestMethodTest -->
